<?xml version="1.0" encoding="UTF-8"?>
<testsuite xmlns:xsi="http://www.w3.org/2001/XMLSchema-instance" xsi:noNamespaceSchemaLocation="https://maven.apache.org/surefire/maven-surefire-plugin/xsd/surefire-test-report.xsd" name="com.iandadesign.closa.evaluation.EvaluationSetTest" time="0.556" tests="1" errors="1" skipped="0" failures="0">
  <properties>
[...]
</properties>
  <testcase name="testFileHandling" classname="com.iandadesign.closa.evaluation.EvaluationSetTest" time="0.545">
    <error message="Parameter &apos;directory&apos; is not a directory: src/test/resources/com/iandadesign/closa/evaluation/test-bbc/en" type="java.lang.IllegalArgumentException">java.lang.IllegalArgumentException: Parameter 'directory' is not a directory: src/test/resources/com/iandadesign/closa/evaluation/test-bbc/en
	at com.iandadesign.closa.evaluation.EvaluationSetTest.testFileHandling(EvaluationSetTest.java:13)
</error>
    <system-out><![CDATA[Analyzing 0 file pairs... (CLOSAEvaluationSet)
]]></system-out>
  </testcase>
</testsuite>